This is pdfTeX, Version 3.14159265-2.6-1.40.20 (TeX Live 2019/Arch Linux) (preloaded format=pdflatex 2019.8.26)  29 SEP 2019 22:43
entering extended mode
 restricted \write18 enabled.
 %&-line parsing enabled.
**/home/emiliano/Documents/Facultad/MetodologiaII/Practica6/SolucionPractica6

(/home/emiliano/Documents/Facultad/MetodologiaII/Practica6/SolucionPractica6.te
x
LaTeX2e <2018-12-01>
(/usr/share/texmf-dist/tex/latex/base/article.cls
Document Class: article 2018/09/03 v1.4i Standard LaTeX document class
(/usr/share/texmf-dist/tex/latex/base/size10.clo
File: size10.clo 2018/09/03 v1.4i Standard LaTeX file (size option)
)
\c@part=\count80
\c@section=\count81
\c@subsection=\count82
\c@subsubsection=\count83
\c@paragraph=\count84
\c@subparagraph=\count85
\c@figure=\count86
\c@table=\count87
\abovecaptionskip=\skip41
\belowcaptionskip=\skip42
\bibindent=\dimen102
)
(/usr/share/texmf-dist/tex/latex/geometry/geometry.sty
Package: geometry 2018/04/16 v5.8 Page Geometry

(/usr/share/texmf-dist/tex/latex/graphics/keyval.sty
Package: keyval 2014/10/28 v1.15 key=value parser (DPC)
\KV@toks@=\toks14
)
(/usr/share/texmf-dist/tex/generic/oberdiek/ifpdf.sty
Package: ifpdf 2018/09/07 v3.3 Provides the ifpdf switch
)
(/usr/share/texmf-dist/tex/generic/oberdiek/ifvtex.sty
Package: ifvtex 2016/05/16 v1.6 Detect VTeX and its facilities (HO)
Package ifvtex Info: VTeX not detected.
)
(/usr/share/texmf-dist/tex/generic/ifxetex/ifxetex.sty
Package: ifxetex 2010/09/12 v0.6 Provides ifxetex conditional
)
\Gm@cnth=\count88
\Gm@cntv=\count89
\c@Gm@tempcnt=\count90
\Gm@bindingoffset=\dimen103
\Gm@wd@mp=\dimen104
\Gm@odd@mp=\dimen105
\Gm@even@mp=\dimen106
\Gm@layoutwidth=\dimen107
\Gm@layoutheight=\dimen108
\Gm@layouthoffset=\dimen109
\Gm@layoutvoffset=\dimen110
\Gm@dimlist=\toks15
)
(/usr/share/texmf-dist/tex/generic/babel/babel.sty
Package: babel 2019/04/03 3.29 The Babel package

(/usr/share/texmf-dist/tex/generic/babel/switch.def
File: switch.def 2019/04/03 3.29 Babel switching mechanism
)
(/usr/share/texmf-dist/tex/generic/babel-spanish/spanish.ldf
Language: spanish.ldf 2016/03/03 v5.0p Spanish support from the babel system

(/usr/share/texmf-dist/tex/generic/babel/babel.def
File: babel.def 2019/04/03 3.29 Babel common definitions
\babel@savecnt=\count91
\U@D=\dimen111

(/usr/share/texmf-dist/tex/generic/babel/txtbabel.def)
\bbl@dirlevel=\count92
)
\es@quottoks=\toks16
\es@quotdepth=\count93
Package babel Info: Making " an active character on input line 561.
Package babel Info: Making . an active character on input line 662.
Package babel Info: Making < an active character on input line 707.
Package babel Info: Making > an active character on input line 707.
))
(/usr/share/texmf-dist/tex/latex/base/inputenc.sty
Package: inputenc 2018/08/11 v1.3c Input encoding file
\inpenc@prehook=\toks17
\inpenc@posthook=\toks18

(/usr/share/texmf-dist/tex/latex/base/latin1.def
File: latin1.def 2018/08/11 v1.3c Input encoding file
))
(/usr/share/texmf-dist/tex/latex/listings/listings.sty
\lst@mode=\count94
\lst@gtempboxa=\box27
\lst@token=\toks19
\lst@length=\count95
\lst@currlwidth=\dimen112
\lst@column=\count96
\lst@pos=\count97
\lst@lostspace=\dimen113
\lst@width=\dimen114
\lst@newlines=\count98
\lst@lineno=\count99
\lst@maxwidth=\dimen115

(/usr/share/texmf-dist/tex/latex/listings/lstmisc.sty
File: lstmisc.sty 2019/02/27 1.8b (Carsten Heinz)
\c@lstnumber=\count100
\lst@skipnumbers=\count101
\lst@framebox=\box28
)
(/usr/share/texmf-dist/tex/latex/listings/listings.cfg
File: listings.cfg 2019/02/27 1.8b listings configuration
))
Package: listings 2019/02/27 1.8b (Carsten Heinz)

(/usr/share/texmf-dist/tex/latex/graphics/color.sty
Package: color 2016/07/10 v1.1e Standard LaTeX Color (DPC)

(/usr/share/texmf-dist/tex/latex/graphics-cfg/color.cfg
File: color.cfg 2016/01/02 v1.6 sample color configuration
)
Package color Info: Driver file: pdftex.def on input line 147.

(/usr/share/texmf-dist/tex/latex/graphics-def/pdftex.def
File: pdftex.def 2018/01/08 v1.0l Graphics/color driver for pdftex
))
(/usr/share/texmf-dist/tex/latex/tools/tabularx.sty
Package: tabularx 2016/02/03 v2.11b `tabularx' package (DPC)

(/usr/share/texmf-dist/tex/latex/tools/array.sty
Package: array 2018/12/30 v2.4k Tabular extension package (FMi)
\col@sep=\dimen116
\ar@mcellbox=\box29
\extrarowheight=\dimen117
\NC@list=\toks20
\extratabsurround=\skip43
\backup@length=\skip44
\ar@cellbox=\box30
)
\TX@col@width=\dimen118
\TX@old@table=\dimen119
\TX@old@col=\dimen120
\TX@target=\dimen121
\TX@delta=\dimen122
\TX@cols=\count102
\TX@ftn=\toks21
)
(/usr/share/texmf-dist/tex/latex/listings/lstlang1.sty
File: lstlang1.sty 2019/02/27 1.8b listings language file
)
(/usr/share/texmf-dist/tex/latex/listings/lstmisc.sty
File: lstmisc.sty 2019/02/27 1.8b (Carsten Heinz)
)
Package color Info: Redefining color red on input line 19.
Package color Info: Redefining color blue on input line 20.
Package color Info: Redefining color green on input line 21.
Package color Info: Redefining color cyan on input line 22.

(/usr/share/texmf-dist/tex/latex/caption/caption.sty
Package: caption 2018/10/06 v3.3-154 Customizing captions (AR)

(/usr/share/texmf-dist/tex/latex/caption/caption3.sty
Package: caption3 2018/09/12 v1.8c caption3 kernel (AR)
Package caption3 Info: TeX engine: e-TeX on input line 64.
\captionmargin=\dimen123
\captionmargin@=\dimen124
\captionwidth=\dimen125
\caption@tempdima=\dimen126
\caption@indent=\dimen127
\caption@parindent=\dimen128
\caption@hangindent=\dimen129
)
\c@caption@flags=\count103
\c@ContinuedFloat=\count104
Package caption Info: listings package is loaded.
)
(/home/emiliano/Documents/Facultad/MetodologiaII/Practica6/SolucionPractica6.au
x
LaTeX Info: Redefining \. on input line 6.
LaTeX Info: Redefining \% on input line 6.
)
\openout1 = `SolucionPractica6.aux'.

LaTeX Font Info:    Checking defaults for OML/cmm/m/it on input line 82.
LaTeX Font Info:    ... okay on input line 82.
LaTeX Font Info:    Checking defaults for T1/cmr/m/n on input line 82.
LaTeX Font Info:    ... okay on input line 82.
LaTeX Font Info:    Checking defaults for OT1/cmr/m/n on input line 82.
LaTeX Font Info:    ... okay on input line 82.
LaTeX Font Info:    Checking defaults for OMS/cmsy/m/n on input line 82.
LaTeX Font Info:    ... okay on input line 82.
LaTeX Font Info:    Checking defaults for OMX/cmex/m/n on input line 82.
LaTeX Font Info:    ... okay on input line 82.
LaTeX Font Info:    Checking defaults for U/cmr/m/n on input line 82.
LaTeX Font Info:    ... okay on input line 82.

*geometry* driver: auto-detecting
*geometry* detected driver: pdftex
*geometry* verbose mode - [ preamble ] result:
* driver: pdftex
* paper: a4paper
* layout: <same size as paper>
* layoutoffset:(h,v)=(0.0pt,0.0pt)
* modes: 
* h-part:(L,W,R)=(56.9055pt, 483.69684pt, 56.90553pt)
* v-part:(T,H,B)=(56.9055pt, 731.23582pt, 56.90552pt)
* \paperwidth=597.50787pt
* \paperheight=845.04684pt
* \textwidth=483.69684pt
* \textheight=731.23582pt
* \oddsidemargin=-15.36449pt
* \evensidemargin=-15.36449pt
* \topmargin=-52.36449pt
* \headheight=12.0pt
* \headsep=25.0pt
* \topskip=10.0pt
* \footskip=30.0pt
* \marginparwidth=65.0pt
* \marginparsep=11.0pt
* \columnsep=10.0pt
* \skip\footins=9.0pt plus 4.0pt minus 2.0pt
* \hoffset=0.0pt
* \voffset=0.0pt
* \mag=1000
* \@twocolumnfalse
* \@twosidefalse
* \@mparswitchfalse
* \@reversemarginfalse
* (1in=72.27pt=25.4mm, 1cm=28.453pt)

LaTeX Info: Redefining \. on input line 82.
LaTeX Info: Redefining \% on input line 82.
\c@lstlisting=\count105
(/usr/share/texmf-dist/tex/context/base/mkii/supp-pdf.mkii
[Loading MPS to PDF converter (version 2006.09.02).]
\scratchcounter=\count106
\scratchdimen=\dimen130
\scratchbox=\box31
\nofMPsegments=\count107
\nofMParguments=\count108
\everyMPshowfont=\toks22
\MPscratchCnt=\count109
\MPscratchDim=\dimen131
\MPnumerator=\count110
\makeMPintoPDFobject=\count111
\everyMPtoPDFconversion=\toks23
)
Package caption Info: Begin \AtBeginDocument code.
Package caption Info: End \AtBeginDocument code.
LaTeX Font Info:    External font `cmex10' loaded for size
(Font)              <12> on input line 83.
LaTeX Font Info:    External font `cmex10' loaded for size
(Font)              <8> on input line 83.
LaTeX Font Info:    External font `cmex10' loaded for size
(Font)              <6> on input line 83.
 [1

{/var/lib/texmf/fonts/map/pdftex/updmap/pdftex.map}]
LaTeX Info: Redefining \. on input line 228.
LaTeX Info: Redefining \% on input line 228.
 [2]
LaTeX Font Info:    External font `cmex10' loaded for size
(Font)              <7> on input line 234.
LaTeX Font Info:    External font `cmex10' loaded for size
(Font)              <5> on input line 234.

Underfull \hbox (badness 10000) in paragraph at lines 238--238
[]|\OT1/cmr/m/n/10 Pair pro-gra-
 []


Underfull \hbox (badness 10000) in paragraph at lines 238--238
[]|\OT1/cmr/m/n/10 Cliente, Pro-
 []


Underfull \hbox (badness 10000) in paragraph at lines 238--238
\OT1/cmr/m/n/10 gra-ma-do-res,
 []


Underfull \hbox (badness 10000) in paragraph at lines 238--238
\OT1/cmr/m/n/10 Tes-ters, Tra-
 []


Underfull \hbox (badness 10000) in paragraph at lines 238--238
\OT1/cmr/m/n/10 kers, Coach,
 []


Underfull \hbox (badness 10000) in paragraph at lines 238--238
[]|\OT1/cmr/m/n/10 Diaria, Plan-
 []


Underfull \hbox (badness 1112) in paragraph at lines 239--239
[]|\OT1/cmr/m/n/10 Simple y es-ca-
 []


Overfull \hbox (4.88896pt too wide) in paragraph at lines 239--241
[]|\OT1/cmr/m/n/10 Exploraci^^Son,
 []


Underfull \hbox (badness 10000) in paragraph at lines 239--241
\OT1/cmr/m/n/10 Pla-ni-fi-ca-
 []


Underfull \hbox (badness 10000) in paragraph at lines 239--241
\OT1/cmr/m/n/10 ci^^Son,
 []


Underfull \hbox (badness 10000) in paragraph at lines 239--241
\OT1/cmr/m/n/10 Ite-ra-ci^^Son,
 []


Underfull \hbox (badness 10000) in paragraph at lines 242--242
[]|\OT1/cmr/m/n/10 Product Bac-
 []


Underfull \hbox (badness 10000) in paragraph at lines 242--242
\OT1/cmr/m/n/10 klog, Sprint
 []


Underfull \hbox (badness 1527) in paragraph at lines 242--242
\OT1/cmr/m/n/10 Bac-klog, Burn-
 []


Underfull \hbox (badness 3118) in paragraph at lines 242--242
[]|\OT1/cmr/m/n/10 Cliente, Scrum
 []


Underfull \hbox (badness 10000) in paragraph at lines 242--243
[]|\OT1/cmr/m/n/10 Planificaci^^Son,
 []


Underfull \hbox (badness 7486) in paragraph at lines 242--243
\OT1/cmr/m/n/10 Sprint, Dia-ria,
 []


Underfull \hbox (badness 10000) in paragraph at lines 242--243
\OT1/cmr/m/n/10 De-mo, Re-tro,
 []


Underfull \hbox (badness 1924) in paragraph at lines 245--245
[]|\OT1/cmr/m/n/10 Pizarr^^Son, post-
 []


Underfull \hbox (badness 5475) in paragraph at lines 245--245
[]|\OT1/cmr/m/n/10 No los po-see,
 []


Underfull \hbox (badness 10000) in paragraph at lines 247--247
[]|\OT1/cmr/m/n/10 Pizarr^^Son,
 []


Package caption Warning: Unused \captionsetup[lstlisting] on input line 74.
See the caption package documentation for explanation.

LaTeX Info: Redefining \. on input line 252.
LaTeX Info: Redefining \% on input line 252.
[3]
(/home/emiliano/Documents/Facultad/MetodologiaII/Practica6/SolucionPractica6.au
x
LaTeX Info: Redefining \. on input line 6.
LaTeX Info: Redefining \% on input line 6.
) ) 
Here is how much of TeX's memory you used:
 4828 strings out of 492623
 71082 string characters out of 6135669
 326520 words of memory out of 5000000
 8726 multiletter control sequences out of 15000+600000
 8953 words of font info for 31 fonts, out of 8000000 for 9000
 1141 hyphenation exceptions out of 8191
 36i,9n,40p,307b,393s stack positions out of 5000i,500n,10000p,200000b,80000s
</usr/share/texmf-dist/fonts/type1/public/amsfonts/cm/cmbx10.pfb></usr/share
/texmf-dist/fonts/type1/public/amsfonts/cm/cmbx12.pfb></usr/share/texmf-dist/fo
nts/type1/public/amsfonts/cm/cmbxti10.pfb></usr/share/texmf-dist/fonts/type1/pu
blic/amsfonts/cm/cmr10.pfb></usr/share/texmf-dist/fonts/type1/public/amsfonts/c
m/cmr12.pfb></usr/share/texmf-dist/fonts/type1/public/amsfonts/cm/cmr17.pfb></u
sr/share/texmf-dist/fonts/type1/public/amsfonts/cm/cmsl10.pfb></usr/share/texmf
-dist/fonts/type1/public/amsfonts/cm/cmti10.pfb>
Output written on /home/emiliano/Documents/Facultad/MetodologiaII/Practica6/Sol
ucionPractica6.pdf (3 pages, 110979 bytes).
PDF statistics:
 46 PDF objects out of 1000 (max. 8388607)
 32 compressed objects within 1 object stream
 0 named destinations out of 1000 (max. 500000)
 1 words of extra memory for PDF output out of 10000 (max. 10000000)

